[2025-08-19T08:41:29.101Z] [INFO] Invoice scheduler initialized - will run on 1st of every month at 08:00
[2025-08-19T08:41:29.103Z] [INFO] Due date reminder scheduler initialized - will run daily at 09:00
[2025-08-19T08:41:29.105Z] [INFO] Service suspension/restoration scheduler initialized - will run daily at 10:00 and 11:00
[2025-08-19T08:41:29.183Z] [INFO] File laporan gangguan dibuat: E:\gembok-bill\logs\trouble_reports.json
[2025-08-19T08:41:29.762Z] [INFO] Direktori sesi WhatsApp dibuat: ./whatsapp-session
[2025-08-19T08:41:29.777Z] [INFO] Attempting to start server on configured port: 3003
[2025-08-19T08:41:29.779Z] [INFO] Memulai server pada port yang dikonfigurasi: 3003
[2025-08-19T08:41:29.784Z] [INFO] Port diambil dari settings.json - tidak ada fallback ke port alternatif
[2025-08-19T08:41:29.791Z] [INFO] ✅ Server berhasil berjalan pada port 3003
[2025-08-19T08:41:29.792Z] [INFO] 🌐 Web Portal tersedia di: http://localhost:3003
[2025-08-19T08:41:29.793Z] [INFO] Environment: development
[2025-08-19T08:41:29.958Z] [INFO] WhatsApp socket set in pppoe-notifications module
[2025-08-19T08:41:29.959Z] [INFO] WhatsApp socket set in pppoe-commands module
[2025-08-19T08:41:29.959Z] [INFO] WhatsApp socket set in genieacs-commands module
[2025-08-19T08:41:29.960Z] [INFO] WhatsApp connected successfully
[2025-08-19T08:41:29.962Z] [INFO] PPPoE monitoring started with interval 60000ms
[2025-08-19T08:41:29.964Z] [INFO] RX Power monitoring initialized
[2025-08-19T08:41:29.965Z] [INFO] PPPoE monitoring auto-started on initialization
[2025-08-19T08:41:29.966Z] [INFO] PPPoE monitoring initialized
[2025-08-19T08:42:30.014Z] [INFO] Connected to Mikrotik at 192.168.8.1:8700
[2025-08-19T08:42:30.094Z] [INFO] PPPoE LOGIN detected: kasdi@rawagunda, wakeng, jami@sut, tester, nalda@rawagunda2, indah@tanjungpura, andi, darim@lor, handoko, lussy, darim, iman@, yudi, rom@lah, aang2, junanto@rawagunda, tariman, aqiel, sumi, tinih, nurudin, ros_pppoe, ejun, nesa, brohim, RT-KARONI, nina@kesin, runaeni, atam, maktub, durta, server@yayan, rasta, dedy@sarkim, karmanda, sandi@rajan, server@arep, talita, karsih, wiwin@seblak, seka, hany@tarsiti, koriya, fajar, gunawan, Uchi, wendy@tanjungpura, mardi, toko@sayur, ooh, eva, dedi@aira, eka, alan@pentud, aldo, kincling, nuriyah, gadel, lisan@banteng, antony@ps, toax, alam, yogi, kus, suliwa, newok, SDNUG1, Tarci@lor, winata@laut, coyih, mastobari@, dhea_tile@rawagunda, memble@, kandar, wadi@rawagunda, sarjo, sarwan, pandi@tanjungpura, server@ilik, santo, @cimun, warungyuni@laut, winata, abibah, sanyo, elvano1, daruni@rawagunda, salsa, yohan@rawagunda, opang@tanjungpura, codet, erul, test, windah, elis@rawagunda, warsana, damar, muktar@ompong, toyinah, adiiman, aang, yuni@rawagunda, kama@, walong@asep, rangdu, erni, nadiva, suminih@rawagunda, memble2, karban, tibil, murba, turidah, nani, denihamdani@pegagan, Endra@genjong1, gemblung, pabudi@genjong, murdani, khofik@janggar, sudini@pegagan, setiyadi@genjong, umikulsum@janggar, ety@pegagan, wendy@genjong, wilda, mangasep@janggar, lina@ujungmulya, F663, waidah@pegagan, uung@pegagan, sang, nalda@pegagan, novita, soleh@pegagan, opang@pegagan, adineasep, sutara@pegagan, intan@ujungmulya, yusuf, durniyah@pegagan, anwar@janggar, sarna@pegagan, yuni@ujungmulya, surminih@pegagan, dasta, rintem, luwih@, eva@pegagan, eryanto@pegagan, h.juroh, mella, kasmuri, kurnati, rudibengkel@tanjungpura, raeni, juanda, icha, abas@pegagan, dadang@genjong, tarci, kendo@tanjungpura, ajri, bunga, leha, nana, astri@pegagan
[2025-08-19T08:43:30.084Z] [INFO] PPPoE LOGIN detected: kasdi@rawagunda, wakeng, jami@sut, tester, nalda@rawagunda2, indah@tanjungpura, andi, darim@lor, handoko, lussy, darim, iman@, yudi, rom@lah, aang2, junanto@rawagunda, tariman, aqiel, sumi, tinih, nurudin, ros_pppoe, ejun, nesa, brohim, RT-KARONI, nina@kesin, runaeni, atam, maktub, durta, server@yayan, rasta, dedy@sarkim, karmanda, sandi@rajan, server@arep, talita, karsih, wiwin@seblak, seka, hany@tarsiti, koriya, fajar, gunawan, Uchi, wendy@tanjungpura, mardi, toko@sayur, ooh, eva, dedi@aira, eka, alan@pentud, aldo, kincling, nuriyah, gadel, lisan@banteng, antony@ps, toax, alam, yogi, kus, suliwa, newok, SDNUG1, Tarci@lor, winata@laut, coyih, mastobari@, dhea_tile@rawagunda, memble@, kandar, wadi@rawagunda, sarjo, sarwan, pandi@tanjungpura, server@ilik, santo, @cimun, warungyuni@laut, winata, abibah, sanyo, elvano1, daruni@rawagunda, salsa, yohan@rawagunda, opang@tanjungpura, codet, erul, test, windah, elis@rawagunda, warsana, damar, muktar@ompong, toyinah, adiiman, aang, yuni@rawagunda, kama@, walong@asep, rangdu, erni, nadiva, suminih@rawagunda, memble2, karban, tibil, murba, turidah, nani, denihamdani@pegagan, Endra@genjong1, gemblung, pabudi@genjong, murdani, khofik@janggar, sudini@pegagan, setiyadi@genjong, umikulsum@janggar, ety@pegagan, wendy@genjong, wilda, mangasep@janggar, lina@ujungmulya, F663, waidah@pegagan, uung@pegagan, sang, nalda@pegagan, novita, soleh@pegagan, opang@pegagan, adineasep, sutara@pegagan, intan@ujungmulya, yusuf, durniyah@pegagan, anwar@janggar, sarna@pegagan, yuni@ujungmulya, surminih@pegagan, dasta, rintem, luwih@, eva@pegagan, eryanto@pegagan, h.juroh, mella, kasmuri, kurnati, rudibengkel@tanjungpura, raeni, juanda, icha, abas@pegagan, dadang@genjong, tarci, kendo@tanjungpura, ajri, bunga, leha, nana, astri@pegagan
[2025-08-19T08:44:08.688Z] [INFO] PPPoE notification sent to 0/3 valid recipients (3 total)
[2025-08-19T08:44:08.721Z] [INFO] PPPoE monitoring: 167 active connections, 167 login, 0 logout
[2025-08-19T08:45:08.544Z] [INFO] PPPoE notification sent to 0/3 valid recipients (3 total)
[2025-08-19T08:45:08.545Z] [INFO] PPPoE monitoring: 167 active connections, 167 login, 0 logout
[2025-08-19T08:48:39.355Z] [INFO] Invoice scheduler initialized - will run on 1st of every month at 08:00
[2025-08-19T08:48:39.357Z] [INFO] Due date reminder scheduler initialized - will run daily at 09:00
[2025-08-19T08:48:39.359Z] [INFO] Service suspension/restoration scheduler initialized - will run daily at 10:00 and 11:00
[2025-08-19T08:48:40.003Z] [INFO] Attempting to start server on configured port: 3003
[2025-08-19T08:48:40.004Z] [INFO] Memulai server pada port yang dikonfigurasi: 3003
[2025-08-19T08:48:40.004Z] [INFO] Port diambil dari settings.json - tidak ada fallback ke port alternatif
[2025-08-19T08:48:40.009Z] [INFO] ✅ Server berhasil berjalan pada port 3003
[2025-08-19T08:48:40.010Z] [INFO] 🌐 Web Portal tersedia di: http://localhost:3003
[2025-08-19T08:48:40.010Z] [INFO] Environment: development
[2025-08-19T08:48:40.171Z] [INFO] WhatsApp socket set in pppoe-notifications module
[2025-08-19T08:48:40.172Z] [INFO] WhatsApp socket set in pppoe-commands module
[2025-08-19T08:48:40.172Z] [INFO] WhatsApp socket set in genieacs-commands module
[2025-08-19T08:48:40.173Z] [INFO] WhatsApp connected successfully
[2025-08-19T08:48:40.175Z] [INFO] PPPoE monitoring started with interval 60000ms
[2025-08-19T08:48:40.176Z] [INFO] RX Power monitoring initialized
[2025-08-19T08:48:40.176Z] [INFO] PPPoE monitoring auto-started on initialization
[2025-08-19T08:48:40.177Z] [INFO] PPPoE monitoring initialized
[2025-08-19T08:49:40.210Z] [INFO] Connected to Mikrotik at 192.168.8.1:8700
[2025-08-19T08:49:40.298Z] [INFO] PPPoE LOGIN detected: kasdi@rawagunda, wakeng, jami@sut, tester, nalda@rawagunda2, indah@tanjungpura, andi, darim@lor, handoko, lussy, darim, iman@, yudi, rom@lah, aang2, junanto@rawagunda, tariman, aqiel, sumi, tinih, nurudin, ros_pppoe, ejun, nesa, brohim, RT-KARONI, nina@kesin, runaeni, atam, maktub, durta, server@yayan, rasta, dedy@sarkim, karmanda, sandi@rajan, server@arep, talita, karsih, wiwin@seblak, seka, hany@tarsiti, koriya, fajar, gunawan, Uchi, wendy@tanjungpura, mardi, toko@sayur, ooh, eva, dedi@aira, eka, alan@pentud, aldo, kincling, nuriyah, gadel, lisan@banteng, antony@ps, toax, alam, yogi, kus, suliwa, newok, SDNUG1, Tarci@lor, winata@laut, coyih, mastobari@, dhea_tile@rawagunda, memble@, kandar, wadi@rawagunda, sarjo, sarwan, pandi@tanjungpura, server@ilik, santo, @cimun, warungyuni@laut, winata, abibah, sanyo, elvano1, daruni@rawagunda, salsa, yohan@rawagunda, opang@tanjungpura, codet, erul, test, windah, elis@rawagunda, warsana, damar, muktar@ompong, toyinah, adiiman, aang, yuni@rawagunda, kama@, walong@asep, rangdu, erni, nadiva, suminih@rawagunda, memble2, karban, tibil, murba, turidah, nani, denihamdani@pegagan, Endra@genjong1, gemblung, pabudi@genjong, murdani, khofik@janggar, sudini@pegagan, setiyadi@genjong, umikulsum@janggar, ety@pegagan, wendy@genjong, wilda, mangasep@janggar, lina@ujungmulya, F663, waidah@pegagan, uung@pegagan, sang, nalda@pegagan, novita, soleh@pegagan, opang@pegagan, adineasep, sutara@pegagan, intan@ujungmulya, yusuf, durniyah@pegagan, anwar@janggar, sarna@pegagan, yuni@ujungmulya, surminih@pegagan, dasta, rintem, luwih@, eva@pegagan, eryanto@pegagan, h.juroh, mella, kasmuri, kurnati, rudibengkel@tanjungpura, raeni, juanda, icha, abas@pegagan, dadang@genjong, tarci, kendo@tanjungpura, ajri, bunga, leha, nana, astri@pegagan
[2025-08-19T08:49:57.594Z] [INFO] Found 58 active hotspot users
[2025-08-19T08:50:09.507Z] [INFO] Found 57 active hotspot users
[2025-08-19T08:50:40.268Z] [INFO] PPPoE LOGIN detected: kasdi@rawagunda, wakeng, jami@sut, tester, nalda@rawagunda2, indah@tanjungpura, andi, darim@lor, handoko, lussy, darim, iman@, yudi, rom@lah, aang2, junanto@rawagunda, tariman, aqiel, sumi, tinih, nurudin, ros_pppoe, ejun, nesa, brohim, RT-KARONI, nina@kesin, runaeni, atam, maktub, durta, server@yayan, rasta, dedy@sarkim, karmanda, sandi@rajan, server@arep, talita, karsih, wiwin@seblak, seka, hany@tarsiti, koriya, fajar, gunawan, Uchi, wendy@tanjungpura, mardi, toko@sayur, ooh, eva, dedi@aira, eka, alan@pentud, aldo, kincling, nuriyah, gadel, lisan@banteng, antony@ps, toax, alam, yogi, kus, suliwa, newok, SDNUG1, Tarci@lor, winata@laut, coyih, mastobari@, dhea_tile@rawagunda, memble@, kandar, wadi@rawagunda, sarjo, sarwan, pandi@tanjungpura, server@ilik, santo, @cimun, warungyuni@laut, winata, abibah, sanyo, elvano1, daruni@rawagunda, salsa, yohan@rawagunda, opang@tanjungpura, codet, erul, test, windah, elis@rawagunda, warsana, damar, muktar@ompong, toyinah, adiiman, aang, yuni@rawagunda, kama@, walong@asep, rangdu, erni, nadiva, suminih@rawagunda, memble2, karban, tibil, murba, turidah, nani, denihamdani@pegagan, Endra@genjong1, gemblung, pabudi@genjong, murdani, khofik@janggar, sudini@pegagan, setiyadi@genjong, umikulsum@janggar, ety@pegagan, wendy@genjong, wilda, mangasep@janggar, lina@ujungmulya, F663, waidah@pegagan, uung@pegagan, sang, nalda@pegagan, novita, soleh@pegagan, opang@pegagan, adineasep, sutara@pegagan, intan@ujungmulya, yusuf, durniyah@pegagan, anwar@janggar, sarna@pegagan, yuni@ujungmulya, surminih@pegagan, dasta, rintem, luwih@, eva@pegagan, eryanto@pegagan, h.juroh, mella, kasmuri, kurnati, rudibengkel@tanjungpura, raeni, juanda, icha, abas@pegagan, dadang@genjong, tarci, kendo@tanjungpura, ajri, bunga, leha, nana, astri@pegagan
[2025-08-19T08:51:18.472Z] [INFO] PPPoE notification sent to 0/3 valid recipients (3 total)
[2025-08-19T08:51:18.473Z] [INFO] PPPoE monitoring: 167 active connections, 167 login, 0 logout
[2025-08-19T08:52:18.423Z] [INFO] PPPoE notification sent to 0/3 valid recipients (3 total)
[2025-08-19T08:52:18.424Z] [INFO] PPPoE monitoring: 167 active connections, 167 login, 0 logout
