[2025-08-10T04:29:35.438Z] [WARN] Monitoring PPPoE connections failed: Koneksi ke Mikrotik gagal
[2025-08-10T04:29:35.441Z] [WARN] Failed to get PPPoE connections: Unknown error
[2025-08-10T04:30:35.194Z] [WARN] Monitoring PPPoE connections failed: Koneksi ke Mikrotik gagal
[2025-08-10T04:30:35.347Z] [WARN] Failed to get PPPoE connections: Unknown error
[2025-08-10T04:31:35.185Z] [WARN] Monitoring PPPoE connections failed: Koneksi ke Mikrotik gagal
[2025-08-10T04:31:35.367Z] [WARN] Failed to get PPPoE connections: Unknown error
[2025-08-10T04:33:53.333Z] [WARN] Monitoring PPPoE connections failed: Koneksi ke Mikrotik gagal
[2025-08-10T04:33:53.560Z] [WARN] Failed to get PPPoE connections: Unknown error
[2025-08-10T04:34:53.367Z] [WARN] Monitoring PPPoE connections failed: Koneksi ke Mikrotik gagal
[2025-08-10T04:34:53.586Z] [WARN] Failed to get PPPoE connections: Unknown error
[2025-08-10T04:35:53.352Z] [WARN] Monitoring PPPoE connections failed: Koneksi ke Mikrotik gagal
[2025-08-10T04:35:53.579Z] [WARN] Failed to get PPPoE connections: Unknown error
[2025-08-10T04:36:53.385Z] [WARN] Monitoring PPPoE connections failed: Koneksi ke Mikrotik gagal
[2025-08-10T04:36:53.583Z] [WARN] Failed to get PPPoE connections: Unknown error
[2025-08-10T04:37:53.385Z] [WARN] Monitoring PPPoE connections failed: Koneksi ke Mikrotik gagal
[2025-08-10T04:37:53.611Z] [WARN] Failed to get PPPoE connections: Unknown error
[2025-08-10T04:38:53.372Z] [WARN] Monitoring PPPoE connections failed: Koneksi ke Mikrotik gagal
[2025-08-10T04:38:53.584Z] [WARN] Failed to get PPPoE connections: Unknown error
[2025-08-10T04:39:53.376Z] [WARN] Monitoring PPPoE connections failed: Koneksi ke Mikrotik gagal
[2025-08-10T04:39:53.604Z] [WARN] Failed to get PPPoE connections: Unknown error
[2025-08-10T04:40:53.388Z] [WARN] Monitoring PPPoE connections failed: Koneksi ke Mikrotik gagal
[2025-08-10T04:40:53.613Z] [WARN] Failed to get PPPoE connections: Unknown error
[2025-08-10T04:41:53.414Z] [WARN] Monitoring PPPoE connections failed: Koneksi ke Mikrotik gagal
[2025-08-10T04:41:53.628Z] [WARN] Failed to get PPPoE connections: Unknown error
[2025-08-10T04:42:53.398Z] [WARN] Monitoring PPPoE connections failed: Koneksi ke Mikrotik gagal
[2025-08-10T04:42:53.626Z] [WARN] Failed to get PPPoE connections: Unknown error
[2025-08-10T04:43:53.421Z] [WARN] Monitoring PPPoE connections failed: Koneksi ke Mikrotik gagal
[2025-08-10T04:43:53.649Z] [WARN] Failed to get PPPoE connections: Unknown error
[2025-08-10T04:44:53.432Z] [WARN] Monitoring PPPoE connections failed: Koneksi ke Mikrotik gagal
[2025-08-10T04:44:53.656Z] [WARN] Failed to get PPPoE connections: Unknown error
[2025-08-10T04:45:53.422Z] [WARN] Monitoring PPPoE connections failed: Koneksi ke Mikrotik gagal
[2025-08-10T04:45:53.648Z] [WARN] Failed to get PPPoE connections: Unknown error
[2025-08-10T04:46:53.436Z] [WARN] Monitoring PPPoE connections failed: Koneksi ke Mikrotik gagal
[2025-08-10T04:46:53.652Z] [WARN] Failed to get PPPoE connections: Unknown error
[2025-08-10T04:47:53.441Z] [WARN] Monitoring PPPoE connections failed: Koneksi ke Mikrotik gagal
[2025-08-10T04:47:53.650Z] [WARN] Failed to get PPPoE connections: Unknown error
[2025-08-10T04:49:35.173Z] [WARN] Monitoring PPPoE connections failed: Koneksi ke Mikrotik gagal
[2025-08-10T04:49:35.326Z] [WARN] Failed to get PPPoE connections: Unknown error
[2025-08-10T04:50:35.152Z] [WARN] Monitoring PPPoE connections failed: Koneksi ke Mikrotik gagal
[2025-08-10T04:50:35.318Z] [WARN] Failed to get PPPoE connections: Unknown error
[2025-08-10T04:51:35.161Z] [WARN] Monitoring PPPoE connections failed: Koneksi ke Mikrotik gagal
[2025-08-10T04:51:35.326Z] [WARN] Failed to get PPPoE connections: Unknown error
[2025-08-10T04:52:35.176Z] [WARN] Monitoring PPPoE connections failed: Koneksi ke Mikrotik gagal
[2025-08-10T04:52:35.339Z] [WARN] Failed to get PPPoE connections: Unknown error
[2025-08-10T04:53:35.184Z] [WARN] Monitoring PPPoE connections failed: Koneksi ke Mikrotik gagal
[2025-08-10T04:53:35.365Z] [WARN] Failed to get PPPoE connections: Unknown error
[2025-08-10T04:54:35.202Z] [WARN] Monitoring PPPoE connections failed: Koneksi ke Mikrotik gagal
[2025-08-10T04:54:35.351Z] [WARN] Failed to get PPPoE connections: Unknown error
[2025-08-10T04:55:35.203Z] [WARN] Monitoring PPPoE connections failed: Koneksi ke Mikrotik gagal
[2025-08-10T04:55:35.369Z] [WARN] Failed to get PPPoE connections: Unknown error
[2025-08-10T04:56:35.211Z] [WARN] Monitoring PPPoE connections failed: Koneksi ke Mikrotik gagal
[2025-08-10T04:56:35.362Z] [WARN] Failed to get PPPoE connections: Unknown error
[2025-08-10T05:05:12.206Z] [WARN] Monitoring PPPoE connections failed: Koneksi ke Mikrotik gagal
[2025-08-10T05:05:12.449Z] [WARN] Failed to get PPPoE connections: Unknown error
[2025-08-10T05:06:12.207Z] [WARN] Monitoring PPPoE connections failed: Koneksi ke Mikrotik gagal
[2025-08-10T05:06:12.449Z] [WARN] Failed to get PPPoE connections: Unknown error
[2025-08-10T05:07:12.223Z] [WARN] Monitoring PPPoE connections failed: Koneksi ke Mikrotik gagal
[2025-08-10T05:07:12.482Z] [WARN] Failed to get PPPoE connections: Unknown error
[2025-08-10T05:08:12.229Z] [WARN] Monitoring PPPoE connections failed: Koneksi ke Mikrotik gagal
[2025-08-10T05:08:12.503Z] [WARN] Failed to get PPPoE connections: Unknown error
[2025-08-10T05:09:12.250Z] [WARN] Monitoring PPPoE connections failed: Koneksi ke Mikrotik gagal
[2025-08-10T05:09:12.494Z] [WARN] Failed to get PPPoE connections: Unknown error
[2025-08-10T05:10:12.265Z] [WARN] Monitoring PPPoE connections failed: Koneksi ke Mikrotik gagal
[2025-08-10T05:10:12.495Z] [WARN] Failed to get PPPoE connections: Unknown error
[2025-08-10T05:11:12.276Z] [WARN] Monitoring PPPoE connections failed: Koneksi ke Mikrotik gagal
[2025-08-10T05:11:12.504Z] [WARN] Failed to get PPPoE connections: Unknown error
[2025-08-10T05:12:12.276Z] [WARN] Monitoring PPPoE connections failed: Koneksi ke Mikrotik gagal
[2025-08-10T05:12:12.517Z] [WARN] Failed to get PPPoE connections: Unknown error
[2025-08-10T05:13:12.268Z] [WARN] Monitoring PPPoE connections failed: Koneksi ke Mikrotik gagal
[2025-08-10T05:13:12.512Z] [WARN] Failed to get PPPoE connections: Unknown error
[2025-08-10T05:14:12.294Z] [WARN] Monitoring PPPoE connections failed: Koneksi ke Mikrotik gagal
[2025-08-10T05:14:12.536Z] [WARN] Failed to get PPPoE connections: Unknown error
[2025-08-10T05:15:12.296Z] [WARN] Monitoring PPPoE connections failed: Koneksi ke Mikrotik gagal
[2025-08-10T05:15:12.539Z] [WARN] Failed to get PPPoE connections: Unknown error
[2025-08-10T05:16:12.310Z] [WARN] Monitoring PPPoE connections failed: Koneksi ke Mikrotik gagal
[2025-08-10T05:16:12.540Z] [WARN] Failed to get PPPoE connections: Unknown error
[2025-08-10T05:17:12.307Z] [WARN] Monitoring PPPoE connections failed: Koneksi ke Mikrotik gagal
[2025-08-10T05:17:12.551Z] [WARN] Failed to get PPPoE connections: Unknown error
[2025-08-10T05:18:12.300Z] [WARN] Monitoring PPPoE connections failed: Koneksi ke Mikrotik gagal
[2025-08-10T05:18:12.559Z] [WARN] Failed to get PPPoE connections: Unknown error
[2025-08-10T05:19:12.306Z] [WARN] Monitoring PPPoE connections failed: Koneksi ke Mikrotik gagal
[2025-08-10T05:19:12.564Z] [WARN] Failed to get PPPoE connections: Unknown error
[2025-08-10T05:20:12.328Z] [WARN] Monitoring PPPoE connections failed: Koneksi ke Mikrotik gagal
[2025-08-10T05:20:12.586Z] [WARN] Failed to get PPPoE connections: Unknown error
[2025-08-10T05:21:12.321Z] [WARN] Monitoring PPPoE connections failed: Koneksi ke Mikrotik gagal
[2025-08-10T05:21:12.580Z] [WARN] Failed to get PPPoE connections: Unknown error
[2025-08-10T05:22:12.334Z] [WARN] Monitoring PPPoE connections failed: Koneksi ke Mikrotik gagal
[2025-08-10T05:22:12.591Z] [WARN] Failed to get PPPoE connections: Unknown error
[2025-08-10T05:23:12.341Z] [WARN] Monitoring PPPoE connections failed: Koneksi ke Mikrotik gagal
[2025-08-10T05:23:12.614Z] [WARN] Failed to get PPPoE connections: Unknown error
[2025-08-10T05:24:12.357Z] [WARN] Monitoring PPPoE connections failed: Koneksi ke Mikrotik gagal
[2025-08-10T05:24:12.631Z] [WARN] Failed to get PPPoE connections: Unknown error
[2025-08-10T05:25:12.398Z] [WARN] Monitoring PPPoE connections failed: Koneksi ke Mikrotik gagal
[2025-08-10T05:25:12.639Z] [WARN] Failed to get PPPoE connections: Unknown error
[2025-08-10T05:26:32.931Z] [WARN] Monitoring PPPoE connections failed: Koneksi ke Mikrotik gagal
[2025-08-10T05:26:33.112Z] [WARN] Failed to get PPPoE connections: Unknown error
[2025-08-10T05:27:32.943Z] [WARN] Monitoring PPPoE connections failed: Koneksi ke Mikrotik gagal
[2025-08-10T05:27:33.094Z] [WARN] Failed to get PPPoE connections: Unknown error
[2025-08-10T05:30:38.755Z] [WARN] Monitoring PPPoE connections failed: Koneksi ke Mikrotik gagal
[2025-08-10T05:30:38.948Z] [WARN] Failed to get PPPoE connections: Unknown error
[2025-08-10T05:31:38.787Z] [WARN] Monitoring PPPoE connections failed: Koneksi ke Mikrotik gagal
[2025-08-10T05:31:38.943Z] [WARN] Failed to get PPPoE connections: Unknown error
[2025-08-10T05:32:38.770Z] [WARN] Monitoring PPPoE connections failed: Koneksi ke Mikrotik gagal
[2025-08-10T05:32:38.952Z] [WARN] Failed to get PPPoE connections: Unknown error
[2025-08-10T05:33:38.777Z] [WARN] Monitoring PPPoE connections failed: Koneksi ke Mikrotik gagal
[2025-08-10T05:33:38.972Z] [WARN] Failed to get PPPoE connections: Unknown error
[2025-08-10T05:34:38.790Z] [WARN] Monitoring PPPoE connections failed: Koneksi ke Mikrotik gagal
[2025-08-10T05:34:38.970Z] [WARN] Failed to get PPPoE connections: Unknown error
[2025-08-10T05:35:38.803Z] [WARN] Monitoring PPPoE connections failed: Koneksi ke Mikrotik gagal
[2025-08-10T05:35:38.969Z] [WARN] Failed to get PPPoE connections: Unknown error
[2025-08-10T05:36:38.811Z] [WARN] Monitoring PPPoE connections failed: Koneksi ke Mikrotik gagal
[2025-08-10T05:36:38.978Z] [WARN] Failed to get PPPoE connections: Unknown error
[2025-08-10T05:37:38.838Z] [WARN] Monitoring PPPoE connections failed: Koneksi ke Mikrotik gagal
[2025-08-10T05:37:39.002Z] [WARN] Failed to get PPPoE connections: Unknown error
[2025-08-10T05:38:38.904Z] [WARN] Monitoring PPPoE connections failed: Koneksi ke Mikrotik gagal
[2025-08-10T05:38:39.033Z] [WARN] Failed to get PPPoE connections: Unknown error
[2025-08-10T05:39:38.889Z] [WARN] Monitoring PPPoE connections failed: Koneksi ke Mikrotik gagal
[2025-08-10T05:39:39.170Z] [WARN] Failed to get PPPoE connections: Unknown error
[2025-08-10T05:40:38.837Z] [WARN] Monitoring PPPoE connections failed: Koneksi ke Mikrotik gagal
[2025-08-10T05:40:39.086Z] [WARN] Failed to get PPPoE connections: Unknown error
[2025-08-10T05:41:38.841Z] [WARN] Monitoring PPPoE connections failed: Koneksi ke Mikrotik gagal
[2025-08-10T05:41:39.037Z] [WARN] Failed to get PPPoE connections: Unknown error
[2025-08-10T05:41:53.179Z] [WARN] Monitoring PPPoE connections failed: Koneksi ke Mikrotik gagal
[2025-08-10T05:41:53.334Z] [WARN] Failed to get PPPoE connections: Unknown error
[2025-08-10T05:42:38.876Z] [WARN] Monitoring PPPoE connections failed: Koneksi ke Mikrotik gagal
[2025-08-10T05:42:39.048Z] [WARN] Failed to get PPPoE connections: Unknown error
[2025-08-10T05:42:53.197Z] [WARN] Monitoring PPPoE connections failed: Koneksi ke Mikrotik gagal
[2025-08-10T05:42:53.375Z] [WARN] Failed to get PPPoE connections: Unknown error
[2025-08-10T05:43:38.863Z] [WARN] Monitoring PPPoE connections failed: Koneksi ke Mikrotik gagal
[2025-08-10T05:43:39.059Z] [WARN] Failed to get PPPoE connections: Unknown error
[2025-08-10T05:43:53.179Z] [WARN] Monitoring PPPoE connections failed: Koneksi ke Mikrotik gagal
[2025-08-10T05:43:53.386Z] [WARN] Failed to get PPPoE connections: Unknown error
[2025-08-10T05:44:38.868Z] [WARN] Monitoring PPPoE connections failed: Koneksi ke Mikrotik gagal
[2025-08-10T05:44:39.133Z] [WARN] Failed to get PPPoE connections: Unknown error
[2025-08-10T05:44:53.188Z] [WARN] Monitoring PPPoE connections failed: Koneksi ke Mikrotik gagal
[2025-08-10T05:44:53.355Z] [WARN] Failed to get PPPoE connections: Unknown error
[2025-08-10T05:45:38.880Z] [WARN] Monitoring PPPoE connections failed: Koneksi ke Mikrotik gagal
[2025-08-10T05:45:39.058Z] [WARN] Failed to get PPPoE connections: Unknown error
[2025-08-10T05:45:53.214Z] [WARN] Monitoring PPPoE connections failed: Koneksi ke Mikrotik gagal
[2025-08-10T05:45:53.381Z] [WARN] Failed to get PPPoE connections: Unknown error
[2025-08-10T05:46:38.877Z] [WARN] Monitoring PPPoE connections failed: Koneksi ke Mikrotik gagal
[2025-08-10T05:46:39.062Z] [WARN] Failed to get PPPoE connections: Unknown error
[2025-08-10T05:47:38.898Z] [WARN] Monitoring PPPoE connections failed: Koneksi ke Mikrotik gagal
[2025-08-10T05:47:39.067Z] [WARN] Failed to get PPPoE connections: Unknown error
[2025-08-10T05:47:53.185Z] [WARN] Monitoring PPPoE connections failed: Koneksi ke Mikrotik gagal
[2025-08-10T05:47:53.365Z] [WARN] Failed to get PPPoE connections: Unknown error
[2025-08-10T05:48:38.909Z] [WARN] Monitoring PPPoE connections failed: Koneksi ke Mikrotik gagal
[2025-08-10T05:48:39.113Z] [WARN] Failed to get PPPoE connections: Unknown error
[2025-08-10T05:48:53.195Z] [WARN] Monitoring PPPoE connections failed: Koneksi ke Mikrotik gagal
[2025-08-10T05:48:53.363Z] [WARN] Failed to get PPPoE connections: Unknown error
[2025-08-10T05:49:38.916Z] [WARN] Monitoring PPPoE connections failed: Koneksi ke Mikrotik gagal
[2025-08-10T05:49:39.100Z] [WARN] Failed to get PPPoE connections: Unknown error
[2025-08-10T05:50:20.756Z] [WARN] Monitoring PPPoE connections failed: Koneksi ke Mikrotik gagal
[2025-08-10T05:50:20.937Z] [WARN] Failed to get PPPoE connections: Unknown error
[2025-08-10T05:50:38.907Z] [WARN] Monitoring PPPoE connections failed: Koneksi ke Mikrotik gagal
[2025-08-10T05:50:39.089Z] [WARN] Failed to get PPPoE connections: Unknown error
[2025-08-10T05:51:18.933Z] [WARN] No technician group configured for PPPoE notifications
[2025-08-10T05:51:37.168Z] [WARN] No technician group configured for PPPoE notifications
[2025-08-10T05:51:37.217Z] [WARN] Error validating WhatsApp number 6281947215703: Connection Closed
[2025-08-10T05:51:37.219Z] [WARN] Retry 1/2 failed for 6281947215703: Cannot read properties of undefined (reading 'id')
[2025-08-10T05:51:39.229Z] [WARN] Retry 2/2 failed for 6281947215703: Cannot read properties of undefined (reading 'id')
[2025-08-10T05:51:40.245Z] [WARN] Error validating WhatsApp number 62838076656xxx: Connection Closed
[2025-08-10T05:51:40.247Z] [WARN] Retry 1/2 failed for 62838076656xxx: Cannot read properties of undefined (reading 'id')
[2025-08-10T05:51:42.250Z] [WARN] Retry 2/2 failed for 62838076656xxx: Cannot read properties of undefined (reading 'id')
[2025-08-10T05:51:43.311Z] [WARN] Error validating WhatsApp number 62822180947xxx: Connection Closed
[2025-08-10T05:51:43.319Z] [WARN] Retry 1/2 failed for 62822180947xxx: Cannot read properties of undefined (reading 'id')
[2025-08-10T05:51:45.323Z] [WARN] Retry 2/2 failed for 62822180947xxx: Cannot read properties of undefined (reading 'id')
[2025-08-10T05:51:49.098Z] [WARN] Error validating WhatsApp number 6281947215703: Timed Out
[2025-08-10T05:51:49.100Z] [WARN] Retry 1/2 failed for 6281947215703: Cannot read properties of undefined (reading 'id')
[2025-08-10T05:51:51.105Z] [WARN] Retry 2/2 failed for 6281947215703: Cannot read properties of undefined (reading 'id')
[2025-08-10T05:52:22.123Z] [WARN] Error validating WhatsApp number 62838076656xxx: Timed Out
[2025-08-10T05:52:22.126Z] [WARN] Retry 1/2 failed for 62838076656xxx: Cannot read properties of undefined (reading 'id')
[2025-08-10T05:52:24.131Z] [WARN] Retry 2/2 failed for 62838076656xxx: Cannot read properties of undefined (reading 'id')
[2025-08-10T05:53:39.560Z] [WARN] No technician group configured for PPPoE notifications
[2025-08-10T05:54:09.731Z] [WARN] Error validating WhatsApp number 6281947215703: Timed Out
[2025-08-10T05:54:09.732Z] [WARN] Retry 1/2 failed for 6281947215703: Cannot read properties of undefined (reading 'id')
[2025-08-10T05:54:11.741Z] [WARN] Retry 2/2 failed for 6281947215703: Cannot read properties of undefined (reading 'id')
[2025-08-10T05:54:42.751Z] [WARN] Error validating WhatsApp number 62838076656xxx: Timed Out
[2025-08-10T05:54:42.753Z] [WARN] Retry 1/2 failed for 62838076656xxx: Cannot read properties of undefined (reading 'id')
[2025-08-10T05:54:44.762Z] [WARN] Retry 2/2 failed for 62838076656xxx: Cannot read properties of undefined (reading 'id')
[2025-08-10T05:55:09.737Z] [WARN] Error validating WhatsApp number 6281947215703: Timed Out
[2025-08-10T05:55:09.739Z] [WARN] Retry 1/2 failed for 6281947215703: Cannot read properties of undefined (reading 'id')
[2025-08-10T05:55:11.747Z] [WARN] Retry 2/2 failed for 6281947215703: Cannot read properties of undefined (reading 'id')
[2025-08-10T05:55:15.779Z] [WARN] Error validating WhatsApp number 62822180947xxx: Timed Out
[2025-08-10T05:55:15.780Z] [WARN] Retry 1/2 failed for 62822180947xxx: Cannot read properties of undefined (reading 'id')
[2025-08-10T05:55:17.790Z] [WARN] Retry 2/2 failed for 62822180947xxx: Cannot read properties of undefined (reading 'id')
[2025-08-10T05:55:42.762Z] [WARN] Error validating WhatsApp number 62838076656xxx: Timed Out
[2025-08-10T05:55:42.765Z] [WARN] Retry 1/2 failed for 62838076656xxx: Cannot read properties of undefined (reading 'id')
[2025-08-10T05:55:44.774Z] [WARN] Retry 2/2 failed for 62838076656xxx: Cannot read properties of undefined (reading 'id')
[2025-08-10T05:56:15.789Z] [WARN] Error validating WhatsApp number 62822180947xxx: Timed Out
[2025-08-10T05:56:15.791Z] [WARN] Retry 1/2 failed for 62822180947xxx: Cannot read properties of undefined (reading 'id')
[2025-08-10T05:56:17.796Z] [WARN] Retry 2/2 failed for 62822180947xxx: Cannot read properties of undefined (reading 'id')
[2025-08-10T05:59:56.838Z] [WARN] No technician group configured for PPPoE notifications
[2025-08-10T05:59:56.947Z] [WARN] Error validating WhatsApp number 6281947215703: Connection Closed
[2025-08-10T05:59:57.002Z] [WARN] Retry 1/2 failed for 6281947215703: Connection Closed
[2025-08-10T05:59:59.018Z] [WARN] Retry 2/2 failed for 6281947215703: Connection Closed
[2025-08-10T06:00:00.034Z] [WARN] Error validating WhatsApp number 62838076656xxx: Connection Closed
[2025-08-10T06:00:00.036Z] [WARN] Retry 1/2 failed for 62838076656xxx: Connection Closed
[2025-08-10T06:00:02.047Z] [WARN] Retry 2/2 failed for 62838076656xxx: Connection Closed
[2025-08-10T06:00:03.061Z] [WARN] Error validating WhatsApp number 62822180947xxx: Connection Closed
[2025-08-10T06:00:03.064Z] [WARN] Retry 1/2 failed for 62822180947xxx: Connection Closed
[2025-08-10T06:00:05.075Z] [WARN] Retry 2/2 failed for 62822180947xxx: Connection Closed
[2025-08-10T06:16:44.380Z] [WARN] No technician group configured for PPPoE notifications
[2025-08-10T06:16:44.495Z] [WARN] Error validating WhatsApp number 6281947215703: Connection Closed
[2025-08-10T06:16:44.499Z] [WARN] Retry 1/2 failed for 6281947215703: Connection Closed
[2025-08-10T06:16:46.508Z] [WARN] Retry 2/2 failed for 6281947215703: Connection Closed
[2025-08-10T06:16:47.526Z] [WARN] Error validating WhatsApp number 62838076656xxx: Connection Closed
[2025-08-10T06:16:47.529Z] [WARN] Retry 1/2 failed for 62838076656xxx: Connection Closed
[2025-08-10T06:16:49.547Z] [WARN] Retry 2/2 failed for 62838076656xxx: Connection Closed
[2025-08-10T06:16:50.565Z] [WARN] Error validating WhatsApp number 62822180947xxx: Connection Closed
[2025-08-10T06:16:50.566Z] [WARN] Retry 1/2 failed for 62822180947xxx: Connection Closed
[2025-08-10T06:16:52.574Z] [WARN] Retry 2/2 failed for 62822180947xxx: Connection Closed
[2025-08-10T06:24:35.096Z] [WARN] No technician group configured for PPPoE notifications
[2025-08-10T06:25:05.291Z] [WARN] Error validating WhatsApp number 6281947215703: Timed Out
[2025-08-10T06:25:05.294Z] [WARN] Retry 1/2 failed for 6281947215703: Cannot read properties of undefined (reading 'id')
[2025-08-10T06:25:07.299Z] [WARN] Retry 2/2 failed for 6281947215703: Cannot read properties of undefined (reading 'id')
[2025-08-10T06:25:38.309Z] [WARN] Error validating WhatsApp number 62838076656xxx: Timed Out
[2025-08-10T06:25:38.311Z] [WARN] Retry 1/2 failed for 62838076656xxx: Cannot read properties of undefined (reading 'id')
[2025-08-10T06:25:40.317Z] [WARN] Retry 2/2 failed for 62838076656xxx: Cannot read properties of undefined (reading 'id')
[2025-08-10T06:26:05.285Z] [WARN] Error validating WhatsApp number 6281947215703: Timed Out
[2025-08-10T06:26:05.287Z] [WARN] Retry 1/2 failed for 6281947215703: Cannot read properties of undefined (reading 'id')
[2025-08-10T06:26:07.289Z] [WARN] Retry 2/2 failed for 6281947215703: Cannot read properties of undefined (reading 'id')
[2025-08-10T06:26:11.342Z] [WARN] Error validating WhatsApp number 62822180947xxx: Timed Out
[2025-08-10T06:26:11.344Z] [WARN] Retry 1/2 failed for 62822180947xxx: Cannot read properties of undefined (reading 'id')
[2025-08-10T06:26:13.348Z] [WARN] Retry 2/2 failed for 62822180947xxx: Cannot read properties of undefined (reading 'id')
[2025-08-10T06:26:38.308Z] [WARN] Error validating WhatsApp number 62838076656xxx: Timed Out
[2025-08-10T06:26:38.309Z] [WARN] Retry 1/2 failed for 62838076656xxx: Cannot read properties of undefined (reading 'id')
[2025-08-10T06:26:40.322Z] [WARN] Retry 2/2 failed for 62838076656xxx: Cannot read properties of undefined (reading 'id')
[2025-08-10T06:27:11.331Z] [WARN] Error validating WhatsApp number 62822180947xxx: Timed Out
[2025-08-10T06:27:11.332Z] [WARN] Retry 1/2 failed for 62822180947xxx: Cannot read properties of undefined (reading 'id')
[2025-08-10T06:27:13.343Z] [WARN] Retry 2/2 failed for 62822180947xxx: Cannot read properties of undefined (reading 'id')
[2025-08-10T06:34:35.192Z] [WARN] No technician group configured for PPPoE notifications
[2025-08-10T06:34:35.339Z] [WARN] Error validating WhatsApp number 6281947215703: Connection Closed
[2025-08-10T06:34:35.340Z] [WARN] Retry 1/2 failed for 6281947215703: Cannot read properties of undefined (reading 'id')
[2025-08-10T06:34:37.355Z] [WARN] Retry 2/2 failed for 6281947215703: Cannot read properties of undefined (reading 'id')
[2025-08-10T06:34:37.405Z] [WARN] No technician group configured for PPPoE notifications
[2025-08-10T06:34:37.489Z] [WARN] Error validating WhatsApp number 6281947215703: Connection Closed
[2025-08-10T06:34:37.490Z] [WARN] Retry 1/2 failed for 6281947215703: Cannot read properties of undefined (reading 'id')
[2025-08-10T06:34:38.359Z] [WARN] Error validating WhatsApp number 62838076656xxx: Connection Closed
[2025-08-10T06:34:38.361Z] [WARN] Retry 1/2 failed for 62838076656xxx: Cannot read properties of undefined (reading 'id')
[2025-08-10T06:34:39.499Z] [WARN] Retry 2/2 failed for 6281947215703: Cannot read properties of undefined (reading 'id')
[2025-08-10T06:34:40.365Z] [WARN] Retry 2/2 failed for 62838076656xxx: Cannot read properties of undefined (reading 'id')
[2025-08-10T06:34:40.517Z] [WARN] Error validating WhatsApp number 62838076656xxx: Connection Closed
[2025-08-10T06:34:40.518Z] [WARN] Retry 1/2 failed for 62838076656xxx: Cannot read properties of undefined (reading 'id')
[2025-08-10T06:34:41.372Z] [WARN] Error validating WhatsApp number 62822180947xxx: Connection Closed
[2025-08-10T06:34:41.373Z] [WARN] Retry 1/2 failed for 62822180947xxx: Cannot read properties of undefined (reading 'id')
[2025-08-10T06:34:42.567Z] [WARN] Retry 2/2 failed for 62838076656xxx: Cannot read properties of undefined (reading 'id')
[2025-08-10T06:34:43.380Z] [WARN] Retry 2/2 failed for 62822180947xxx: Cannot read properties of undefined (reading 'id')
[2025-08-10T06:34:43.594Z] [WARN] Error validating WhatsApp number 62822180947xxx: Connection Closed
[2025-08-10T06:34:43.595Z] [WARN] Retry 1/2 failed for 62822180947xxx: Cannot read properties of undefined (reading 'id')
[2025-08-10T06:34:45.609Z] [WARN] Retry 2/2 failed for 62822180947xxx: Cannot read properties of undefined (reading 'id')
[2025-08-10T06:35:35.197Z] [WARN] No technician group configured for PPPoE notifications
[2025-08-10T06:35:35.347Z] [WARN] Error validating WhatsApp number 6281947215703: Connection Closed
[2025-08-10T06:35:35.348Z] [WARN] Retry 1/2 failed for 6281947215703: Cannot read properties of undefined (reading 'id')
[2025-08-10T06:35:37.364Z] [WARN] Retry 2/2 failed for 6281947215703: Cannot read properties of undefined (reading 'id')
[2025-08-10T06:35:37.408Z] [WARN] No technician group configured for PPPoE notifications
[2025-08-10T06:35:37.495Z] [WARN] Error validating WhatsApp number 6281947215703: Connection Closed
[2025-08-10T06:35:37.496Z] [WARN] Retry 1/2 failed for 6281947215703: Cannot read properties of undefined (reading 'id')
[2025-08-10T06:35:38.368Z] [WARN] Error validating WhatsApp number 62838076656xxx: Connection Closed
[2025-08-10T06:35:38.370Z] [WARN] Retry 1/2 failed for 62838076656xxx: Cannot read properties of undefined (reading 'id')
[2025-08-10T06:35:39.508Z] [WARN] Retry 2/2 failed for 6281947215703: Cannot read properties of undefined (reading 'id')
[2025-08-10T06:35:40.376Z] [WARN] Retry 2/2 failed for 62838076656xxx: Cannot read properties of undefined (reading 'id')
[2025-08-10T06:35:40.515Z] [WARN] Error validating WhatsApp number 62838076656xxx: Connection Closed
[2025-08-10T06:35:40.517Z] [WARN] Retry 1/2 failed for 62838076656xxx: Cannot read properties of undefined (reading 'id')
[2025-08-10T06:35:41.381Z] [WARN] Error validating WhatsApp number 62822180947xxx: Connection Closed
[2025-08-10T06:35:41.383Z] [WARN] Retry 1/2 failed for 62822180947xxx: Cannot read properties of undefined (reading 'id')
[2025-08-10T06:35:42.521Z] [WARN] Retry 2/2 failed for 62838076656xxx: Cannot read properties of undefined (reading 'id')
[2025-08-10T06:35:43.386Z] [WARN] Retry 2/2 failed for 62822180947xxx: Cannot read properties of undefined (reading 'id')
[2025-08-10T06:35:43.525Z] [WARN] Error validating WhatsApp number 62822180947xxx: Connection Closed
[2025-08-10T06:35:43.527Z] [WARN] Retry 1/2 failed for 62822180947xxx: Cannot read properties of undefined (reading 'id')
[2025-08-10T06:35:45.533Z] [WARN] Retry 2/2 failed for 62822180947xxx: Cannot read properties of undefined (reading 'id')
